0 info it worked if it ends with ok
1 verbose cli [ '/usr/bin/node', '/usr/bin/npm', 'run', 'watch' ]
2 info using npm@3.5.2
3 info using node@v6.11.4
4 verbose run-script [ 'prewatch', 'watch', 'postwatch' ]
5 info lifecycle numbermonger@0.0.1~prewatch: numbermonger@0.0.1
6 silly lifecycle numbermonger@0.0.1~prewatch: no script for prewatch, continuing
7 info lifecycle numbermonger@0.0.1~watch: numbermonger@0.0.1
8 verbose lifecycle numbermonger@0.0.1~watch: unsafe-perm in lifecycle true
9 verbose lifecycle numbermonger@0.0.1~watch: PATH: /usr/share/npm/bin/node-gyp-bin:/home/carlmr/workspace/numbermonger/node_modules/.bin:/home/carlmr/.cargo/bin:/home/carlmr/.cargo/bin:/usr/local/sbin:/usr/local/bin:/usr/sbin:/usr/bin:/sbin:/bin:/usr/games:/usr/local/games:/snap/bin
10 verbose lifecycle numbermonger@0.0.1~watch: CWD: /home/carlmr/workspace/numbermonger
11 silly lifecycle numbermonger@0.0.1~watch: Args: [ '-c', 'tsc -watch -p ./' ]
12 silly lifecycle numbermonger@0.0.1~watch: Returned: code: 1  signal: null
13 info lifecycle numbermonger@0.0.1~watch: Failed to exec watch script
14 verbose stack Error: numbermonger@0.0.1 watch: `tsc -watch -p ./`
14 verbose stack Exit status 1
14 verbose stack     at EventEmitter.<anonymous> (/usr/share/npm/lib/utils/lifecycle.js:232:16)
14 verbose stack     at emitTwo (events.js:106:13)
14 verbose stack     at EventEmitter.emit (events.js:191:7)
14 verbose stack     at ChildProcess.<anonymous> (/usr/share/npm/lib/utils/spawn.js:24:14)
14 verbose stack     at emitTwo (events.js:106:13)
14 verbose stack     at ChildProcess.emit (events.js:191:7)
14 verbose stack     at maybeClose (internal/child_process.js:920:16)
14 verbose stack     at Process.ChildProcess._handle.onexit (internal/child_process.js:230:5)
15 verbose pkgid numbermonger@0.0.1
16 verbose cwd /home/carlmr/workspace/numbermonger
17 error Linux 4.13.0-16-generic
18 error argv "/usr/bin/node" "/usr/bin/npm" "run" "watch"
19 error node v6.11.4
20 error npm  v3.5.2
21 error code ELIFECYCLE
22 error numbermonger@0.0.1 watch: `tsc -watch -p ./`
22 error Exit status 1
23 error Failed at the numbermonger@0.0.1 watch script 'tsc -watch -p ./'.
23 error Make sure you have the latest version of node.js and npm installed.
23 error If you do, this is most likely a problem with the numbermonger package,
23 error not with npm itself.
23 error Tell the author that this fails on your system:
23 error     tsc -watch -p ./
23 error You can get information on how to open an issue for this project with:
23 error     npm bugs numbermonger
23 error Or if that isn't available, you can get their info via:
23 error     npm owner ls numbermonger
23 error There is likely additional logging output above.
24 verbose exit [ 1, true ]
